[2025-03-25T18:31:01.315777+00:00] login.INFO: Connexion réussie {"username":{"id":1,"0":1,"username":"adriendeval","1":"adriendeval","password":"password","2":"password"}} []
[2025-03-25T18:34:27.871749+00:00] login.ERROR: PDOException: SQLSTATE[42S22]: Column not found: 1054 Unknown column 'email' in 'where clause' [] []
[2025-03-25T18:36:32.287479+00:00] login.WARNING: Identifiants incorrects {"username":"adriendeval"} []
[2025-03-26T11:27:07.300988+00:00] login.INFO: Connexion réussie {"username":{"id":1,"0":1,"username":"adriendeval","1":"adriendeval","password":"password","2":"password"}} []
[2025-03-26T11:43:37.063948+00:00] login.INFO: Connexion réussie {"username":{"id":1,"0":1,"username":"adriendeval","1":"adriendeval","password":"password","2":"password"}} []
[2025-03-26T11:44:51.671735+00:00] add_favorite.ERROR: PDOException: SQLSTATE[23000]: Integrity constraint violation: 1452 Cannot add or update a child row: a foreign key constraint fails (`adriendeval_mywatchguide`.`favorites`, CONSTRAINT `favorites_ibfk_1` FOREIGN KEY (`user_id`) REFERENCES `users` (`id`)) [] []
[2025-03-26T12:06:08.225444+00:00] login.WARNING: Identifiants incorrects [] []
[2025-03-26T12:06:27.967306+00:00] login.INFO: Connexion réussie {"username":{"id":1,"0":1,"username":"adriendeval","1":"adriendeval","password":"password","2":"password"}} []
[2025-03-26T12:08:04.911082+00:00] favorites.ERROR: Erreur lors de l'ajout du film aux favoris [] []
[2025-03-26T14:46:41.551326+00:00] login.ERROR: PDOException: SQLSTATE[HY000] [2054] The server requested authentication method unknown to the client [auth_gssapi_client] [] []
[2025-03-26T14:48:19.068476+00:00] login.INFO: Connexion réussie {"username":{"id":1,"0":1,"username":"adriendeval","1":"adriendeval","password":"password","2":"password"}} []
[2025-03-27T09:53:09.301247+00:00] login.INFO: Connexion réussie {"username":{"id":1,"0":1,"username":"adriendeval","1":"adriendeval","password":"password","2":"password"}} []
[2025-03-27T09:58:33.887222+00:00] login.INFO: Connexion réussie {"username":{"id":1,"0":1,"username":"adriendeval","1":"adriendeval","password":"password","2":"password"}} []
[2025-03-27T09:58:54.060957+00:00] register.INFO: Nouvel utilisateur enregistré : brewenfrotin [] []
[2025-03-27T09:59:02.156875+00:00] login.INFO: Connexion réussie {"username":{"id":9,"0":9,"username":"brewenfrotin","1":"brewenfrotin","password":"password","2":"password"}} []
[2025-03-27T10:02:03.023774+00:00] add_favorite.ERROR: PDOException: SQLSTATE[23000]: Integrity constraint violation: 1452 Cannot add or update a child row: a foreign key constraint fails (`adriendeval_mywatchguide`.`favorites`, CONSTRAINT `favorites_ibfk_1` FOREIGN KEY (`user_id`) REFERENCES `users` (`id`)) [] []
[2025-03-27T10:02:55.486799+00:00] add_favorite.ERROR: PDOException: SQLSTATE[23000]: Integrity constraint violation: 1452 Cannot add or update a child row: a foreign key constraint fails (`adriendeval_mywatchguide`.`favorites`, CONSTRAINT `favorites_ibfk_1` FOREIGN KEY (`user_id`) REFERENCES `users` (`id`)) [] []
[2025-03-27T10:03:20.759343+00:00] favorites.ERROR: Erreur lors de l'ajout du film aux favoris [] []
[2025-03-27T10:03:23.187784+00:00] favorites.ERROR: Erreur lors de l'ajout du film aux favoris [] []
[2025-04-02T12:11:47.742056+00:00] login.INFO: Connexion réussie {"username":{"id":1,"0":1,"username":"adriendeval","1":"adriendeval","password":"password","2":"password"}} []
[2025-04-02T12:29:10.354518+00:00] login.INFO: Connexion réussie [] []
[2025-04-02T13:37:53.750275+00:00] login.WARNING: Identifiants incorrects [] []
[2025-04-02T13:37:58.601052+00:00] login.INFO: Connexion réussie [] []
[2025-04-02T13:46:44.126601+00:00] login.INFO: Connexion réussie [] []
[2025-04-02T13:49:49.227055+00:00] add_favorite.ERROR: PDOException: SQLSTATE[23000]: Integrity constraint violation: 1452 Cannot add or update a child row: a foreign key constraint fails (`adriendeval_mywatchguide`.`favorites`, CONSTRAINT `favorites_ibfk_1` FOREIGN KEY (`user_id`) REFERENCES `users` (`id`)) [] []
[2025-04-02T13:54:35.155642+00:00] login.INFO: Connexion réussie [] []
